<?xml version="1.0" encoding="UTF-8"?>
<!-- Generated by org.testng.reporters.JUnitXMLReporter -->
<testsuite ignored="0" hostname="DESKTOP-KPNKKJ1" failures="0" tests="10" name="Default test" time="5.65" errors="0" timestamp="2026-02-24T14:13:41 IST">
  <testcase classname="Test.DemoBlaze_Negative.Saucedemo" name="launch" time="2.08"/>
  <testcase classname="Test.DemoBlaze_Negative.Saucedemo" name="login" time="0.215"/>
  <testcase classname="Test.DemoBlaze_Negative.Saucedemo" name="logout" time="0.212"/>
  <testcase classname="Test.DemoBlaze_Negative.Saucedemo" name="addtocart" time="0.863"/>
  <testcase classname="Test.DemoBlaze_Negative.Saucedemo" name="addall" time="0.381"/>
  <testcase classname="Test.DemoBlaze_Negative.Saucedemo" name="checkoutcart" time="0.245"/>
  <testcase classname="Test.DemoBlaze_Negative.Saucedemo" name="credentials" time="0.345"/>
  <testcase classname="Test.DemoBlaze_Negative.Saucedemo" name="finalcheckout" time="0.328"/>
  <testcase classname="Test.DemoBlaze_Negative.Saucedemo" name="finish" time="0.616"/>
  <testcase classname="Test.DemoBlaze_Negative.Saucedemo" name="backhome" time="0.303"/>
</testsuite> <!-- Default test -->
